<?xml version="1.0" encoding="UTF-8"?>
<!-- Generated by org.testng.reporters.JUnitXMLReporter -->
<testsuite ignored="3" hostname="DESKTOP-5EG445V" failures="0" tests="1" name="Default test(failed)" time="17.931" errors="0" timestamp="2023-10-12T17:11:16 IST">
  <testcase classname="testNG.ParallelExecutionInTestNG" name="testCase4" time="17.867"/>
  <testcase classname="testNG.ParallelExecutionInTestNG" name="testCase1" time="0.0">
    <ignored/>
  </testcase> <!-- testCase1 -->
  <testcase classname="testNG.ParallelExecutionInTestNG" name="testCase3" time="0.0">
    <ignored/>
  </testcase> <!-- testCase3 -->
  <testcase classname="testNG.ParallelExecutionInTestNG" name="testCase2" time="0.0">
    <ignored/>
  </testcase> <!-- testCase2 -->
</testsuite> <!-- Default test(failed) -->
