<?xml version="1.0" encoding="UTF-8"?>
<!-- Generated by org.testng.reporters.JUnitXMLReporter -->
<testsuite ignored="0" hostname="DESKTOP-5EG445V" failures="0" tests="3" name="AnnotationCheck" time="17.399" errors="0" timestamp="2023-10-12T11:27:45 IST">
  <testcase classname="testNG.AnnotationsInTestNg" name="Test" time="0.008"/>
  <testcase classname="testNG.TestClass" name="firstTest" time="6.649"/>
  <testcase classname="testNG.TestClass" name="seconTest" time="10.655"/>
</testsuite> <!-- AnnotationCheck -->
